
2024/09/21 (13:30:07) | ===> btop++ v.1.3.2
2024/09/21 (13:30:07) | ERROR: Hex value missing: #

2024/09/23 (03:30:02) | ===> btop++ v.1.4.0
2024/09/23 (03:30:02) | WARNING: Intel GPU: Failed to initialize PMU

2024/09/23 (03:30:04) | ===> btop++ v.1.4.0
2024/09/23 (03:30:04) | WARNING: Intel GPU: Failed to initialize PMU

2024/09/23 (16:28:45) | ===> btop++ v.1.4.0
2024/09/23 (16:28:45) | WARNING: Intel GPU: Failed to initialize PMU

2024/09/24 (14:19:22) | ===> btop++ v.1.4.0
2024/09/24 (14:19:22) | WARNING: Intel GPU: Failed to initialize PMU

2024/09/24 (15:30:43) | ===> btop++ v.1.4.0
2024/09/24 (15:30:43) | WARNING: Intel GPU: Failed to initialize PMU

2024/09/24 (21:52:11) | ===> btop++ v.1.4.0
2024/09/24 (21:52:11) | WARNING: Intel GPU: Failed to initialize PMU

2024/09/25 (13:41:30) | ===> btop++ v.1.4.0
2024/09/25 (13:41:30) | WARNING: Intel GPU: Failed to initialize PMU

2024/09/25 (15:02:13) | ===> btop++ v.1.4.0
2024/09/25 (15:02:13) | WARNING: Intel GPU: Failed to initialize PMU

2024/09/26 (14:20:53) | ===> btop++ v.1.4.0
2024/09/26 (14:20:53) | WARNING: Intel GPU: Failed to initialize PMU

2024/09/27 (01:31:15) | ===> btop++ v.1.4.0
2024/09/27 (01:31:15) | WARNING: Intel GPU: Failed to initialize PMU

2024/09/27 (01:54:20) | ===> btop++ v.1.4.0
2024/09/27 (01:54:20) | WARNING: Intel GPU: Failed to initialize PMU

2024/09/27 (02:13:19) | ===> btop++ v.1.4.0
2024/09/27 (02:13:19) | WARNING: Intel GPU: Failed to initialize PMU

2024/09/27 (04:39:15) | ===> btop++ v.1.4.0
2024/09/27 (04:39:15) | WARNING: Intel GPU: Failed to initialize PMU

2024/09/27 (04:41:56) | ===> btop++ v.1.4.0
2024/09/27 (04:41:56) | WARNING: Intel GPU: Failed to initialize PMU

2024/09/30 (20:58:02) | ===> btop++ v.1.4.0
2024/09/30 (20:58:02) | WARNING: Intel GPU: Failed to initialize PMU

2024/09/30 (22:48:16) | ===> btop++ v.1.4.0
2024/09/30 (22:48:16) | WARNING: Intel GPU: Failed to initialize PMU

2024/10/02 (14:28:11) | ===> btop++ v.1.4.0
2024/10/02 (14:28:11) | WARNING: Intel GPU: Failed to initialize PMU

2024/10/02 (14:48:41) | ===> btop++ v.1.4.0
2024/10/02 (14:48:41) | WARNING: Intel GPU: Failed to initialize PMU

2024/10/02 (15:43:25) | ===> btop++ v.1.4.0
2024/10/02 (15:43:25) | WARNING: Intel GPU: Failed to initialize PMU

2024/10/02 (15:47:16) | ===> btop++ v.1.4.0
2024/10/02 (15:47:16) | WARNING: Intel GPU: Failed to initialize PMU

2024/10/02 (15:54:17) | ===> btop++ v.1.4.0
2024/10/02 (15:54:17) | WARNING: Intel GPU: Failed to initialize PMU

2024/10/02 (16:32:01) | ===> btop++ v.1.4.0
2024/10/02 (16:32:01) | WARNING: Intel GPU: Failed to initialize PMU

2024/10/02 (16:38:46) | ===> btop++ v.1.4.0
2024/10/02 (16:38:46) | WARNING: Intel GPU: Failed to initialize PMU

2024/10/07 (04:01:41) | ===> btop++ v.1.4.0
2024/10/07 (04:01:41) | WARNING: Intel GPU: Failed to initialize PMU

2024/10/07 (18:03:59) | ===> btop++ v.1.4.0
2024/10/07 (18:03:59) | WARNING: Intel GPU: Failed to initialize PMU

2024/10/08 (19:59:59) | ===> btop++ v.1.4.0
2024/10/08 (19:59:59) | WARNING: Intel GPU: Failed to initialize PMU

2024/10/09 (15:52:09) | ===> btop++ v.1.4.0
2024/10/09 (15:52:09) | WARNING: Intel GPU: Failed to initialize PMU

2024/10/09 (18:41:02) | ===> btop++ v.1.4.0
2024/10/09 (18:41:02) | WARNING: Intel GPU: Failed to initialize PMU

2024/10/09 (23:28:04) | ===> btop++ v.1.4.0
2024/10/09 (23:28:04) | WARNING: Intel GPU: Failed to initialize PMU

2024/10/09 (23:29:03) | ===> btop++ v.1.4.0
2024/10/09 (23:29:03) | WARNING: Intel GPU: Failed to initialize PMU

2024/10/09 (23:30:32) | ===> btop++ v.1.4.0
2024/10/09 (23:30:32) | WARNING: Intel GPU: Failed to initialize PMU

2024/10/11 (16:42:49) | ===> btop++ v.1.4.0
2024/10/11 (16:42:49) | WARNING: Intel GPU: Failed to initialize PMU

2024/10/11 (16:43:22) | ===> btop++ v.1.4.0
2024/10/11 (16:43:22) | WARNING: Intel GPU: Failed to initialize PMU

2024/10/15 (01:15:56) | ===> btop++ v.1.4.0
2024/10/15 (01:15:56) | WARNING: Intel GPU: Failed to initialize PMU

2024/10/16 (22:52:14) | ===> btop++ v.1.4.0
2024/10/16 (22:52:14) | WARNING: Intel GPU: Failed to initialize PMU

2024/10/16 (22:53:36) | ===> btop++ v.1.4.0
2024/10/16 (22:53:36) | WARNING: Intel GPU: Failed to initialize PMU

2024/10/16 (22:55:03) | ===> btop++ v.1.4.0
2024/10/16 (22:55:03) | WARNING: Intel GPU: Failed to initialize PMU

2024/10/16 (22:59:19) | ===> btop++ v.1.4.0
2024/10/16 (22:59:19) | WARNING: Intel GPU: Failed to initialize PMU

2024/10/16 (23:03:23) | ===> btop++ v.1.4.0
2024/10/16 (23:03:23) | WARNING: Intel GPU: Failed to initialize PMU

2024/10/18 (01:38:23) | ===> btop++ v.1.4.0
2024/10/18 (01:38:23) | WARNING: Intel GPU: Failed to initialize PMU

2024/10/18 (01:56:36) | ===> btop++ v.1.4.0
2024/10/18 (01:56:36) | WARNING: Intel GPU: Failed to initialize PMU

2024/10/19 (12:04:08) | ===> btop++ v.1.4.0
2024/10/19 (12:04:08) | WARNING: Intel GPU: Failed to initialize PMU

2024/10/19 (12:07:10) | ===> btop++ v.1.4.0
2024/10/19 (12:07:10) | WARNING: Intel GPU: Failed to initialize PMU

2024/10/19 (12:16:38) | ===> btop++ v.1.4.0
2024/10/19 (12:16:38) | WARNING: Intel GPU: Failed to initialize PMU

2024/10/19 (12:18:19) | ===> btop++ v.1.4.0
2024/10/19 (12:18:19) | WARNING: Intel GPU: Failed to initialize PMU

2024/10/19 (12:25:21) | ===> btop++ v.1.4.0
2024/10/19 (12:25:21) | WARNING: Intel GPU: Failed to initialize PMU

2024/10/19 (13:25:44) | ===> btop++ v.1.4.0
2024/10/19 (13:25:44) | WARNING: Intel GPU: Failed to initialize PMU

2024/10/19 (14:19:03) | ===> btop++ v.1.4.0
2024/10/19 (14:19:03) | WARNING: Intel GPU: Failed to initialize PMU

2024/10/23 (00:24:45) | ===> btop++ v.1.4.0
2024/10/23 (00:24:45) | WARNING: Intel GPU: Failed to initialize PMU

2024/10/23 (00:27:35) | ===> btop++ v.1.4.0
2024/10/23 (00:27:35) | WARNING: Intel GPU: Failed to initialize PMU

2024/10/23 (12:29:55) | ===> btop++ v.1.4.0
2024/10/23 (12:29:55) | WARNING: Intel GPU: Failed to initialize PMU

2024/10/29 (10:20:33) | ===> btop++ v.1.4.0
2024/10/29 (10:20:33) | WARNING: Intel GPU: Failed to initialize PMU

2024/10/29 (14:04:58) | ===> btop++ v.1.4.0
2024/10/29 (14:04:58) | WARNING: Intel GPU: Failed to initialize PMU

2024/10/31 (01:21:26) | ===> btop++ v.1.4.0
2024/10/31 (01:21:26) | WARNING: Intel GPU: Failed to initialize PMU

2024/11/02 (17:44:04) | ===> btop++ v.1.4.0
2024/11/02 (17:44:04) | WARNING: Intel GPU: Failed to initialize PMU

2024/11/03 (23:15:18) | ===> btop++ v.1.4.0
2024/11/03 (23:15:18) | WARNING: Intel GPU: Failed to initialize PMU

2024/11/20 (19:12:49) | ===> btop++ v.1.4.0
2024/11/20 (19:12:49) | WARNING: Intel GPU: Failed to initialize PMU

2024/11/20 (20:42:48) | ===> btop++ v.1.4.0
2024/11/20 (20:42:48) | WARNING: Intel GPU: Failed to initialize PMU

2024/11/20 (22:15:28) | ===> btop++ v.1.4.0
2024/11/20 (22:15:28) | WARNING: Intel GPU: Failed to initialize PMU

2024/11/21 (01:24:35) | ===> btop++ v.1.4.0
2024/11/21 (01:24:35) | WARNING: Intel GPU: Failed to initialize PMU

2024/11/21 (01:28:55) | ===> btop++ v.1.4.0
2024/11/21 (01:28:55) | WARNING: Intel GPU: Failed to initialize PMU

2024/11/23 (13:01:27) | ===> btop++ v.1.4.0
2024/11/23 (13:01:27) | WARNING: Intel GPU: Failed to initialize PMU

2024/11/25 (00:11:36) | ===> btop++ v.1.4.0
2024/11/25 (00:11:36) | WARNING: Intel GPU: Failed to initialize PMU

2024/11/25 (00:14:00) | ===> btop++ v.1.4.0
2024/11/25 (00:14:00) | WARNING: Intel GPU: Failed to initialize PMU

2024/11/27 (00:40:32) | ===> btop++ v.1.4.0
2024/11/27 (00:40:32) | WARNING: Intel GPU: Failed to initialize PMU

2024/11/30 (13:11:30) | ===> btop++ v.1.4.0
2024/11/30 (13:11:30) | WARNING: Intel GPU: Failed to initialize PMU

2024/11/30 (14:03:49) | ===> btop++ v.1.4.0
2024/11/30 (14:03:49) | WARNING: Intel GPU: Failed to initialize PMU

2024/11/30 (14:23:13) | ===> btop++ v.1.4.0
2024/11/30 (14:23:13) | WARNING: Intel GPU: Failed to initialize PMU

2024/11/30 (18:16:23) | ===> btop++ v.1.4.0
2024/11/30 (18:16:23) | WARNING: Intel GPU: Failed to initialize PMU

2024/12/02 (16:19:57) | ===> btop++ v.1.4.0
2024/12/02 (16:19:57) | WARNING: Intel GPU: Failed to initialize PMU

2024/12/02 (21:20:52) | ===> btop++ v.1.4.0
2024/12/02 (21:20:52) | WARNING: Intel GPU: Failed to initialize PMU

2024/12/03 (00:42:43) | ===> btop++ v.1.4.0
2024/12/03 (00:42:43) | WARNING: Intel GPU: Failed to initialize PMU

2024/12/03 (19:35:14) | ===> btop++ v.1.4.0
2024/12/03 (19:35:14) | WARNING: Intel GPU: Failed to initialize PMU

2024/12/08 (02:01:48) | ===> btop++ v.1.4.0
2024/12/08 (02:01:48) | WARNING: Intel GPU: Failed to initialize PMU

2024/12/09 (16:57:07) | ===> btop++ v.1.4.0
2024/12/09 (16:57:07) | WARNING: Intel GPU: Failed to initialize PMU

2024/12/13 (11:56:30) | ===> btop++ v.1.4.0
2024/12/13 (11:56:30) | WARNING: Intel GPU: Failed to initialize PMU

2024/12/13 (12:13:00) | ===> btop++ v.1.4.0
2024/12/13 (12:13:00) | WARNING: Intel GPU: Failed to initialize PMU

2024/12/13 (12:49:49) | ===> btop++ v.1.4.0
2024/12/13 (12:49:49) | WARNING: Intel GPU: Failed to initialize PMU

2024/12/13 (16:52:38) | ===> btop++ v.1.4.0
2024/12/13 (16:52:38) | WARNING: Intel GPU: Failed to initialize PMU

2024/12/14 (03:03:25) | ===> btop++ v.1.4.0
2024/12/14 (03:03:25) | WARNING: Intel GPU: Failed to initialize PMU

2024/12/14 (12:31:19) | ===> btop++ v.1.4.0
2024/12/14 (12:31:19) | WARNING: Intel GPU: Failed to initialize PMU

2024/12/16 (23:00:18) | ===> btop++ v.1.4.0
2024/12/16 (23:00:18) | WARNING: Intel GPU: Failed to initialize PMU

2024/12/20 (12:28:01) | ===> btop++ v.1.4.0
2024/12/20 (12:28:01) | WARNING: Intel GPU: Failed to initialize PMU

2024/12/20 (13:41:30) | ===> btop++ v.1.4.0
2024/12/20 (13:41:30) | WARNING: Intel GPU: Failed to initialize PMU

2024/12/20 (13:41:44) | ===> btop++ v.1.4.0
2024/12/20 (13:41:44) | WARNING: Intel GPU: Failed to initialize PMU

2024/12/20 (13:41:50) | ===> btop++ v.1.4.0
2024/12/20 (13:41:50) | WARNING: Intel GPU: Failed to initialize PMU

2024/12/20 (13:41:54) | ===> btop++ v.1.4.0
2024/12/20 (13:41:54) | WARNING: Intel GPU: Failed to initialize PMU

2024/12/21 (23:27:19) | ===> btop++ v.1.4.0
2024/12/21 (23:27:19) | WARNING: Intel GPU: Failed to initialize PMU

2024/12/21 (23:36:16) | ===> btop++ v.1.4.0
2024/12/21 (23:36:16) | WARNING: Intel GPU: Failed to initialize PMU

2024/12/21 (23:47:48) | ===> btop++ v.1.4.0
2024/12/21 (23:47:48) | WARNING: Intel GPU: Failed to initialize PMU

2024/12/21 (23:48:44) | ===> btop++ v.1.4.0
2024/12/21 (23:48:44) | WARNING: Intel GPU: Failed to initialize PMU

2024/12/22 (03:38:26) | ===> btop++ v.1.4.0
2024/12/22 (03:38:26) | WARNING: Intel GPU: Failed to initialize PMU

2024/12/22 (03:51:22) | ===> btop++ v.1.4.0
2024/12/22 (03:51:22) | WARNING: Intel GPU: Failed to initialize PMU

2024/12/23 (01:53:09) | ===> btop++ v.1.4.0
2024/12/23 (01:53:09) | WARNING: Intel GPU: Failed to initialize PMU

2024/12/28 (13:29:50) | ===> btop++ v.1.4.0
2024/12/28 (13:29:50) | WARNING: Intel GPU: Failed to initialize PMU

2024/12/28 (13:32:05) | ===> btop++ v.1.4.0
2024/12/28 (13:32:05) | WARNING: Intel GPU: Failed to initialize PMU

2024/12/29 (01:17:42) | ===> btop++ v.1.4.0
2024/12/29 (01:17:42) | WARNING: Intel GPU: Failed to initialize PMU

2024/12/30 (01:54:10) | ===> btop++ v.1.4.0
2024/12/30 (01:54:10) | WARNING: Intel GPU: Failed to initialize PMU

2025/01/06 (00:08:44) | ===> btop++ v.1.4.0
2025/01/06 (00:08:44) | WARNING: Intel GPU: Failed to initialize PMU

2025/01/06 (00:09:28) | ===> btop++ v.1.4.0
2025/01/06 (00:09:28) | WARNING: Intel GPU: Failed to initialize PMU

2025/01/09 (01:08:30) | ===> btop++ v.1.4.0
2025/01/09 (01:08:30) | WARNING: Intel GPU: Failed to initialize PMU

2025/01/11 (12:40:52) | ===> btop++ v.1.4.0
2025/01/11 (12:40:52) | WARNING: Intel GPU: Failed to initialize PMU

2025/01/12 (01:18:50) | ===> btop++ v.1.4.0
2025/01/12 (01:18:50) | WARNING: Intel GPU: Failed to initialize PMU

2025/01/12 (23:52:28) | ===> btop++ v.1.4.0
2025/01/12 (23:52:28) | WARNING: Intel GPU: Failed to initialize PMU

2025/01/14 (18:31:25) | ===> btop++ v.1.4.0
2025/01/14 (18:31:25) | WARNING: Intel GPU: Failed to initialize PMU

2025/01/14 (18:56:16) | ===> btop++ v.1.4.0
2025/01/14 (18:56:16) | WARNING: Intel GPU: Failed to initialize PMU

2025/01/15 (12:52:14) | ===> btop++ v.1.4.0
2025/01/15 (12:52:14) | WARNING: Intel GPU: Failed to initialize PMU

2025/01/15 (15:52:13) | ===> btop++ v.1.4.0
2025/01/15 (15:52:13) | WARNING: Intel GPU: Failed to initialize PMU

2025/01/16 (01:59:14) | ===> btop++ v.1.4.0
2025/01/16 (01:59:14) | WARNING: Intel GPU: Failed to initialize PMU

2025/01/18 (02:00:01) | ===> btop++ v.1.4.0
2025/01/18 (02:00:01) | WARNING: Intel GPU: Failed to initialize PMU

2025/01/18 (02:16:09) | ===> btop++ v.1.4.0
2025/01/18 (02:16:09) | WARNING: Intel GPU: Failed to initialize PMU

2025/01/21 (01:14:38) | ===> btop++ v.1.4.0
2025/01/21 (01:14:38) | WARNING: Intel GPU: Failed to initialize PMU

2025/01/21 (01:23:05) | ===> btop++ v.1.4.0
2025/01/21 (01:23:05) | WARNING: Intel GPU: Failed to initialize PMU

2025/01/21 (17:21:30) | ===> btop++ v.1.4.0
2025/01/21 (17:21:30) | WARNING: Intel GPU: Failed to initialize PMU

2025/01/21 (23:36:32) | ===> btop++ v.1.4.0
2025/01/21 (23:36:32) | WARNING: Intel GPU: Failed to initialize PMU

2025/01/21 (23:39:41) | ===> btop++ v.1.4.0
2025/01/21 (23:39:41) | WARNING: Intel GPU: Failed to initialize PMU

2025/01/22 (00:50:47) | ===> btop++ v.1.4.0
2025/01/22 (00:50:47) | WARNING: Intel GPU: Failed to initialize PMU

2025/01/22 (00:51:11) | ===> btop++ v.1.4.0
2025/01/22 (00:51:11) | WARNING: Intel GPU: Failed to initialize PMU

2025/01/22 (12:31:39) | ===> btop++ v.1.4.0
2025/01/22 (12:31:39) | WARNING: Intel GPU: Failed to initialize PMU

2025/01/23 (17:36:37) | ===> btop++ v.1.4.0
2025/01/23 (17:36:37) | WARNING: Intel GPU: Failed to initialize PMU
2025/01/23 (17:36:51) | ERROR: Couldn't determine terminal size of "STDOUT_FILENO"!
2025/01/23 (17:36:51) | ERROR: Couldn't determine terminal size of "/dev/tty"!

2025/01/23 (17:40:36) | ===> btop++ v.1.4.0
2025/01/23 (17:40:36) | WARNING: Intel GPU: Failed to initialize PMU

2025/01/23 (18:14:15) | ===> btop++ v.1.4.0
2025/01/23 (18:14:15) | WARNING: Intel GPU: Failed to initialize PMU

2025/01/23 (20:01:39) | ===> btop++ v.1.4.0
2025/01/23 (20:01:39) | WARNING: Intel GPU: Failed to initialize PMU

2025/01/23 (20:02:13) | ===> btop++ v.1.4.0
2025/01/23 (20:02:13) | WARNING: Intel GPU: Failed to initialize PMU

2025/01/29 (19:42:14) | ===> btop++ v.1.4.0
2025/01/29 (19:42:14) | WARNING: Intel GPU: Failed to initialize PMU

2025/01/29 (19:45:58) | ===> btop++ v.1.4.0
2025/01/29 (19:45:58) | WARNING: Intel GPU: Failed to initialize PMU

2025/01/29 (21:20:18) | ===> btop++ v.1.4.0
2025/01/29 (21:20:18) | WARNING: Intel GPU: Failed to initialize PMU

2025/01/29 (22:18:43) | ===> btop++ v.1.4.0
2025/01/29 (22:18:43) | WARNING: Intel GPU: Failed to initialize PMU

2025/01/30 (22:20:18) | ===> btop++ v.1.4.0
2025/01/30 (22:20:18) | WARNING: Intel GPU: Failed to initialize PMU

2025/01/30 (22:26:16) | ===> btop++ v.1.4.0
2025/01/30 (22:26:16) | WARNING: Intel GPU: Failed to initialize PMU

2025/02/01 (19:15:49) | ===> btop++ v.1.4.0
2025/02/01 (19:15:49) | WARNING: Intel GPU: Failed to initialize PMU

2025/02/01 (19:27:57) | ===> btop++ v.1.4.0
2025/02/01 (19:27:57) | WARNING: Intel GPU: Failed to initialize PMU

2025/02/01 (19:28:05) | ===> btop++ v.1.4.0
2025/02/01 (19:28:05) | WARNING: Intel GPU: Failed to initialize PMU

2025/02/01 (19:28:17) | ===> btop++ v.1.4.0
2025/02/01 (19:28:17) | WARNING: Intel GPU: Failed to initialize PMU

2025/02/01 (19:28:39) | ===> btop++ v.1.4.0
2025/02/01 (19:28:39) | WARNING: Intel GPU: Failed to initialize PMU

2025/02/01 (19:28:47) | ===> btop++ v.1.4.0
2025/02/01 (19:28:47) | WARNING: Intel GPU: Failed to initialize PMU

2025/02/01 (20:24:17) | ===> btop++ v.1.4.0
2025/02/01 (20:24:17) | WARNING: Intel GPU: Failed to initialize PMU

2025/02/04 (00:23:31) | ===> btop++ v.1.4.0
2025/02/04 (00:23:31) | WARNING: Intel GPU: Failed to initialize PMU

2025/02/04 (00:27:55) | ===> btop++ v.1.4.0
2025/02/04 (00:27:55) | WARNING: Intel GPU: Failed to initialize PMU

2025/02/04 (21:56:50) | ===> btop++ v.1.4.0
2025/02/04 (21:56:50) | WARNING: Intel GPU: Failed to initialize PMU

2025/02/04 (21:56:58) | ===> btop++ v.1.4.0
2025/02/04 (21:56:58) | WARNING: Intel GPU: Failed to initialize PMU

2025/02/07 (02:38:06) | ===> btop++ v.1.4.0
2025/02/07 (02:38:06) | WARNING: Intel GPU: Failed to initialize PMU

2025/02/07 (19:43:43) | ===> btop++ v.1.4.0
2025/02/07 (19:43:43) | WARNING: Intel GPU: Failed to initialize PMU

2025/02/08 (20:44:30) | ===> btop++ v.1.4.0
2025/02/08 (20:44:30) | WARNING: Intel GPU: Failed to initialize PMU

2025/02/08 (20:49:06) | ===> btop++ v.1.4.0
2025/02/08 (20:49:06) | WARNING: Intel GPU: Failed to initialize PMU

2025/02/08 (20:57:37) | ===> btop++ v.1.4.0
2025/02/08 (20:57:37) | WARNING: Intel GPU: Failed to initialize PMU

2025/02/11 (03:56:57) | ===> btop++ v.1.4.0
2025/02/11 (03:56:57) | WARNING: Intel GPU: Failed to initialize PMU

2025/02/11 (20:53:06) | ===> btop++ v.1.4.0
2025/02/11 (20:53:06) | WARNING: Intel GPU: Failed to initialize PMU

2025/02/13 (00:27:18) | ===> btop++ v.1.4.0
2025/02/13 (00:27:18) | WARNING: Intel GPU: Failed to initialize PMU

2025/02/13 (00:52:31) | ===> btop++ v.1.4.0
2025/02/13 (00:52:31) | WARNING: Intel GPU: Failed to initialize PMU

2025/02/13 (00:55:38) | ===> btop++ v.1.4.0
2025/02/13 (00:55:38) | WARNING: Intel GPU: Failed to initialize PMU

2025/02/13 (02:54:49) | ===> btop++ v.1.4.0
2025/02/13 (02:54:49) | WARNING: Intel GPU: Failed to initialize PMU

2025/02/13 (18:16:26) | ===> btop++ v.1.4.0
2025/02/13 (18:16:26) | WARNING: Intel GPU: Failed to initialize PMU

2025/02/13 (21:20:20) | ===> btop++ v.1.4.0
2025/02/13 (21:20:20) | WARNING: Intel GPU: Failed to initialize PMU

2025/02/14 (01:52:27) | ===> btop++ v.1.4.0
2025/02/14 (01:52:27) | WARNING: Intel GPU: Failed to initialize PMU

2025/02/14 (01:52:45) | ===> btop++ v.1.4.0
2025/02/14 (01:52:45) | WARNING: Intel GPU: Failed to initialize PMU

2025/02/14 (01:53:39) | ===> btop++ v.1.4.0
2025/02/14 (01:53:39) | WARNING: Intel GPU: Failed to initialize PMU
